# JRE version: OpenJDK Runtime Environment (8.0_152-b01) (build 1.8.0_152-release-915-b01)
# Java VM: OpenJDK 64-Bit Server VM (25.152-b01 mixed mode windows-amd64 compressed oops)
Heap:
 PSYoungGen      total 38400K, used 22114K [0x00000000e0000000, 0x00000000e2d00000, 0x0000000100000000)
  eden space 32256K, 52% used [0x00000000e0000000,0x00000000e10952e0,0x00000000e1f80000)
  from space 6144K, 83% used [0x00000000e2600000,0x00000000e2b03520,0x00000000e2c00000)
  to   space 6656K, 0% used [0x00000000e1f80000,0x00000000e1f80000,0x00000000e2600000)
 ParOldGen       total 44032K, used 5911K [0x00000000a0000000, 0x00000000a2b00000, 0x00000000e0000000)
  object space 44032K, 13% used [0x00000000a0000000,0x00000000a05c5e48,0x00000000a2b00000)
 Metaspace       used 18004K, capacity 18424K, committed 18688K, reserved 1064960K
  class space    used 2557K, capacity 2715K, committed 2816K, reserved 1048576K
GC Heap History (10 events):
Event: 5.551 GC heap before
{Heap before GC invocations=2 (full 0):
 PSYoungGen      total 18944K, used 18912K [0x00000000e0000000, 0x00000000e1500000, 0x0000000100000000)
  eden space 16384K, 100% used [0x00000000e0000000,0x00000000e1000000,0x00000000e1000000)
  from space 2560K, 98% used [0x00000000e1000000,0x00000000e1278060,0x00000000e1280000)
  to   space 2560K, 0% used [0x00000000e1280000,0x00000000e1280000,0x00000000e1500000)
 ParOldGen       total 44032K, used 441K [0x00000000a0000000, 0x00000000a2b00000, 0x00000000e0000000)
  object space 44032K, 1% used [0x00000000a0000000,0x00000000a006e708,0x00000000a2b00000)
 Metaspace       used 6609K, capacity 6830K, committed 7040K, reserved 1056768K
  class space    used 799K, capacity 875K, committed 896K, reserved 1048576K
Event: 5.603 GC heap after
Heap after GC invocations=2 (full 0):
 PSYoungGen      total 18944K, used 2278K [0x00000000e0000000, 0x00000000e2500000, 0x0000000100000000)
  eden space 16384K, 0% used [0x00000000e0000000,0x00000000e0000000,0x00000000e1000000)
  from space 2560K, 89% used [0x00000000e1280000,0x00000000e14b99d8,0x00000000e1500000)
  to   space 2560K, 0% used [0x00000000e1000000,0x00000000e1000000,0x00000000e1280000)
 ParOldGen       total 44032K, used 449K [0x00000000a0000000, 0x00000000a2b00000, 0x00000000e0000000)
  object space 44032K, 1% used [0x00000000a0000000,0x00000000a0070708,0x00000000a2b00000)
 Metaspace       used 6609K, capacity 6830K, committed 7040K, reserved 1056768K
  class space    used 799K, capacity 875K, committed 896K, reserved 1048576K
}
Event: 7.317 GC heap before
{Heap before GC invocations=3 (full 0):
 PSYoungGen      total 18944K, used 18662K [0x00000000e0000000, 0x00000000e2500000, 0x0000000100000000)
  eden space 16384K, 100% used [0x00000000e0000000,0x00000000e1000000,0x00000000e1000000)
  from space 2560K, 89% used [0x00000000e1280000,0x00000000e14b99d8,0x00000000e1500000)
  to   space 2560K, 0% used [0x00000000e1000000,0x00000000e1000000,0x00000000e1280000)
 ParOldGen       total 44032K, used 449K [0x00000000a0000000, 0x00000000a2b00000, 0x00000000e0000000)
  object space 44032K, 1% used [0x00000000a0000000,0x00000000a0070708,0x00000000a2b00000)
 Metaspace       used 8629K, capacity 8930K, committed 9216K, reserved 1056768K
  class space    used 1105K, capacity 1229K, committed 1280K, reserved 1048576K
Event: 7.325 GC heap after
Heap after GC invocations=3 (full 0):
 PSYoungGen      total 18944K, used 2528K [0x00000000e0000000, 0x00000000e1500000, 0x0000000100000000)
  eden space 16384K, 0% used [0x00000000e0000000,0x00000000e0000000,0x00000000e1000000)
  from space 2560K, 98% used [0x00000000e1000000,0x00000000e1278020,0x00000000e1280000)
  to   space 2560K, 0% used [0x00000000e1280000,0x00000000e1280000,0x00000000e1500000)
 ParOldGen       total 44032K, used 1374K [0x00000000a0000000, 0x00000000a2b00000, 0x00000000e0000000)
  object space 44032K, 3% used [0x00000000a0000000,0x00000000a0157950,0x00000000a2b00000)
 Metaspace       used 8629K, capacity 8930K, committed 9216K, reserved 1056768K
  class space    used 1105K, capacity 1229K, committed 1280K, reserved 1048576K
}
Event: 11.473 GC heap before
{Heap before GC invocations=4 (full 0):
 PSYoungGen      total 18944K, used 18912K [0x00000000e0000000, 0x00000000e1500000, 0x0000000100000000)
  eden space 16384K, 100% used [0x00000000e0000000,0x00000000e1000000,0x00000000e1000000)
  from space 2560K, 98% used [0x00000000e1000000,0x00000000e1278020,0x00000000e1280000)
  to   space 2560K, 0% used [0x00000000e1280000,0x00000000e1280000,0x00000000e1500000)
 ParOldGen       total 44032K, used 1374K [0x00000000a0000000, 0x00000000a2b00000, 0x00000000e0000000)
  object space 44032K, 3% used [0x00000000a0000000,0x00000000a0157950,0x00000000a2b00000)
 Metaspace       used 12384K, capacity 12768K, committed 12928K, reserved 1060864K
  class space    used 1666K, capacity 1798K, committed 1920K, reserved 1048576K
Event: 11.497 GC heap after
Heap after GC invocations=4 (full 0):
 PSYoungGen      total 18944K, used 2544K [0x00000000e0000000, 0x00000000e1500000, 0x0000000100000000)
  eden space 16384K, 0% used [0x00000000e0000000,0x00000000e0000000,0x00000000e1000000)
  from space 2560K, 99% used [0x00000000e1280000,0x00000000e14fc010,0x00000000e1500000)
  to   space 2560K, 0% used [0x00000000e1000000,0x00000000e1000000,0x00000000e1280000)
 ParOldGen       total 44032K, used 3971K [0x00000000a0000000, 0x00000000a2b00000, 0x00000000e0000000)
  object space 44032K, 9% used [0x00000000a0000000,0x00000000a03e0f58,0x00000000a2b00000)
 Metaspace       used 12384K, capacity 12768K, committed 12928K, reserved 1060864K
  class space    used 1666K, capacity 1798K, committed 1920K, reserved 1048576K
}
Event: 12.953 GC heap before
{Heap before GC invocations=5 (full 0):
 PSYoungGen      total 18944K, used 18928K [0x00000000e0000000, 0x00000000e1500000, 0x0000000100000000)
  eden space 16384K, 100% used [0x00000000e0000000,0x00000000e1000000,0x00000000e1000000)
  from space 2560K, 99% used [0x00000000e1280000,0x00000000e14fc010,0x00000000e1500000)
  to   space 2560K, 0% used [0x00000000e1000000,0x00000000e1000000,0x00000000e1280000)
 ParOldGen       total 44032K, used 3971K [0x00000000a0000000, 0x00000000a2b00000, 0x00000000e0000000)
  object space 44032K, 9% used [0x00000000a0000000,0x00000000a03e0f58,0x00000000a2b00000)
 Metaspace       used 13826K, capacity 14180K, committed 14464K, reserved 1060864K
  class space    used 1920K, capacity 2056K, committed 2176K, reserved 1048576K
Event: 12.974 GC heap after
Heap after GC invocations=5 (full 0):
 PSYoungGen      total 18944K, used 2528K [0x00000000e0000000, 0x00000000e2c00000, 0x0000000100000000)
  eden space 16384K, 0% used [0x00000000e0000000,0x00000000e0000000,0x00000000e1000000)
  from space 2560K, 98% used [0x00000000e1000000,0x00000000e1278020,0x00000000e1280000)
  to   space 6144K, 0% used [0x00000000e2600000,0x00000000e2600000,0x00000000e2c00000)
 ParOldGen       total 44032K, used 5903K [0x00000000a0000000, 0x00000000a2b00000, 0x00000000e0000000)
  object space 44032K, 13% used [0x00000000a0000000,0x00000000a05c3e48,0x00000000a2b00000)
 Metaspace       used 13826K, capacity 14180K, committed 14464K, reserved 1060864K
  class space    used 1920K, capacity 2056K, committed 2176K, reserved 1048576K
}
Event: 15.906 GC heap before
{Heap before GC invocations=6 (full 0):
 PSYoungGen      total 18944K, used 18912K [0x00000000e0000000, 0x00000000e2c00000, 0x0000000100000000)
  eden space 16384K, 100% used [0x00000000e0000000,0x00000000e1000000,0x00000000e1000000)
  from space 2560K, 98% used [0x00000000e1000000,0x00000000e1278020,0x00000000e1280000)
  to   space 6144K, 0% used [0x00000000e2600000,0x00000000e2600000,0x00000000e2c00000)
 ParOldGen       total 44032K, used 5903K [0x00000000a0000000, 0x00000000a2b00000, 0x00000000e0000000)
  object space 44032K, 13% used [0x00000000a0000000,0x00000000a05c3e48,0x00000000a2b00000)
 Metaspace       used 15827K, capacity 16196K, committed 16512K, reserved 1062912K
  class space    used 2226K, capacity 2344K, committed 2432K, reserved 1048576K
Event: 15.977 GC heap after
Heap after GC invocations=6 (full 0):
 PSYoungGen      total 38400K, used 5133K [0x00000000e0000000, 0x00000000e2d00000, 0x0000000100000000)
  eden space 32256K, 0% used [0x00000000e0000000,0x00000000e0000000,0x00000000e1f80000)
  from space 6144K, 83% used [0x00000000e2600000,0x00000000e2b03520,0x00000000e2c00000)
  to   space 6656K, 0% used [0x00000000e1f80000,0x00000000e1f80000,0x00000000e2600000)
 ParOldGen       total 44032K, used 5911K [0x00000000a0000000, 0x00000000a2b00000, 0x00000000e0000000)
  object space 44032K, 13% used [0x00000000a0000000,0x00000000a05c5e48,0x00000000a2b00000)
 Metaspace       used 15827K, capacity 16196K, committed 16512K, reserved 1062912K
  class space    used 2226K, capacity 2344K, committed 2432K, reserved 1048576K
}

